Flow report for lcdcontrol
Wed Dec 01 05:16:05 2021
Quartus II 64-Bit Version 13.0.1 Build 232 06/12/2013 Service Pack 1 SJ Web Edition


---------------------
; Table of Contents ;
---------------------
  1. Legal Notice
  2. Flow Summary
  3. Flow Settings
  4. Flow Non-Default Global Settings
  5. Flow Elapsed Time
  6. Flow OS Summary
  7. Flow Log
  8. Flow Messages
  9. Flow Suppressed Messages



----------------
; Legal Notice ;
----------------
Copyright (C) 1991-2013 Altera Corporation
Your use of Altera Corporation's design tools, logic functions 
and other software and tools, and its AMPP partner logic 
functions, and any output files from any of the foregoing 
(including device programming or simulation files), and any 
associated documentation or information are expressly subject 
to the terms and conditions of the Altera Program License 
Subscription Agreement, Altera MegaCore Function License 
Agreement, or other applicable license agreement, including, 
without limitation, that your use is for the sole purpose of 
programming logic devices manufactured by Altera and sold by 
Altera or its authorized distributors.  Please refer to the 
applicable agreement for further details.



+--------------------------------------------------------------------------------------+
; Flow Summary                                                                         ;
+------------------------------------+-------------------------------------------------+
; Flow Status                        ; Successful - Wed Dec 01 05:16:05 2021           ;
; Quartus II 64-Bit Version          ; 13.0.1 Build 232 06/12/2013 SP 1 SJ Web Edition ;
; Revision Name                      ; lcdcontrol                                      ;
; Top-level Entity Name              ; lcd_controller                                  ;
; Family                             ; Cyclone II                                      ;
; Device                             ; EP2C70F896C8                                    ;
; Timing Models                      ; Final                                           ;
; Total logic elements               ; 14 / 68,416 ( < 1 % )                           ;
;     Total combinational functions  ; 13 / 68,416 ( < 1 % )                           ;
;     Dedicated logic registers      ; 9 / 68,416 ( < 1 % )                            ;
; Total registers                    ; 9                                               ;
; Total pins                         ; 24 / 622 ( 4 % )                                ;
; Total virtual pins                 ; 0                                               ;
; Total memory bits                  ; 0 / 1,152,000 ( 0 % )                           ;
; Embedded Multiplier 9-bit elements ; 0 / 300 ( 0 % )                                 ;
; Total PLLs                         ; 0 / 4 ( 0 % )                                   ;
+------------------------------------+-------------------------------------------------+


+-----------------------------------------+
; Flow Settings                           ;
+-------------------+---------------------+
; Option            ; Setting             ;
+-------------------+---------------------+
; Start date & time ; 12/01/2021 02:25:23 ;
; Main task         ; Compilation         ;
; Revision Name     ; lcdcontrol          ;
+-------------------+---------------------+


+--------------------------------------------------------------------------------------------------------------------+
; Flow Non-Default Global Settings                                                                                   ;
+-------------------------------------+--------------------------------+---------------+----------------+------------+
; Assignment Name                     ; Value                          ; Default Value ; Entity Name    ; Section Id ;
+-------------------------------------+--------------------------------+---------------+----------------+------------+
; COMPILER_SIGNATURE_ID               ; 66504343293066.163829312324368 ; --            ; --             ; --         ;
; MAX_CORE_JUNCTION_TEMP              ; 85                             ; --            ; --             ; --         ;
; MIN_CORE_JUNCTION_TEMP              ; 0                              ; --            ; --             ; --         ;
; PARTITION_COLOR                     ; 16764057                       ; --            ; lcd_controller ; Top        ;
; PARTITION_FITTER_PRESERVATION_LEVEL ; PLACEMENT_AND_ROUTING          ; --            ; lcd_controller ; Top        ;
; PARTITION_NETLIST_TYPE              ; SOURCE                         ; --            ; lcd_controller ; Top        ;
; PROJECT_OUTPUT_DIRECTORY            ; output_files                   ; --            ; --             ; --         ;
; TOP_LEVEL_ENTITY                    ; lcd_controller                 ; lcdcontrol    ; --             ; --         ;
+-------------------------------------+--------------------------------+---------------+----------------+------------+


+-------------------------------------------------------------------------------------------------------------------------------+
; Flow Elapsed Time                                                                                                             ;
+---------------------------+--------------+-------------------------+---------------------+------------------------------------+
; Module Name               ; Elapsed Time ; Average Processors Used ; Peak Virtual Memory ; Total CPU Time (on all processors) ;
+---------------------------+--------------+-------------------------+---------------------+------------------------------------+
; Analysis & Synthesis      ; 00:00:01     ; 1.0                     ; 4588 MB             ; 00:00:00                           ;
; Fitter                    ; 00:00:05     ; 1.0                     ; 4987 MB             ; 00:00:05                           ;
; Assembler                 ; 00:00:02     ; 1.0                     ; 4584 MB             ; 00:00:02                           ;
; TimeQuest Timing Analyzer ; 00:00:01     ; 1.0                     ; 4548 MB             ; 00:00:00                           ;
; EDA Netlist Writer        ; 00:00:00     ; 1.0                     ; 4520 MB             ; 00:00:00                           ;
; EDA Netlist Writer        ; 00:00:01     ; 1.0                     ; 4527 MB             ; 00:00:00                           ;
; Total                     ; 00:00:10     ; --                      ; --                  ; 00:00:07                           ;
+---------------------------+--------------+-------------------------+---------------------+------------------------------------+


+----------------------------------------------------------------------------------------+
; Flow OS Summary                                                                        ;
+---------------------------+------------------+-----------+------------+----------------+
; Module Name               ; Machine Hostname ; OS Name   ; OS Version ; Processor type ;
+---------------------------+------------------+-----------+------------+----------------+
; Analysis & Synthesis      ; DESKTOP-1SGQB86  ; Windows 7 ; 6.2        ; x86_64         ;
; Fitter                    ; DESKTOP-1SGQB86  ; Windows 7 ; 6.2        ; x86_64         ;
; Assembler                 ; DESKTOP-1SGQB86  ; Windows 7 ; 6.2        ; x86_64         ;
; TimeQuest Timing Analyzer ; DESKTOP-1SGQB86  ; Windows 7 ; 6.2        ; x86_64         ;
; EDA Netlist Writer        ; DESKTOP-1SGQB86  ; Windows 7 ; 6.2        ; x86_64         ;
; EDA Netlist Writer        ; DESKTOP-1SGQB86  ; Windows 7 ; 6.2        ; x86_64         ;
+---------------------------+------------------+-----------+------------+----------------+


------------
; Flow Log ;
------------
quartus_map --read_settings_files=on --write_settings_files=off lcdcontrol -c lcdcontrol
quartus_fit --read_settings_files=off --write_settings_files=off lcdcontrol -c lcdcontrol
quartus_asm --read_settings_files=off --write_settings_files=off lcdcontrol -c lcdcontrol
quartus_sta lcdcontrol -c lcdcontrol
quartus_eda --gen_testbench --check_outputs=on --tool=modelsim_oem --format=verilog lcdcontrol -c lcdcontrol --vector_source=D:/altera/lcdcontrol/Waveform.vwf --testbench_file=./simulation/qsim/lcdcontrol.vt
quartus_eda --functional=off --timescale=1ps --simulation=on --tool=modelsim_oem --format=verilog lcdcontrol -c lcdcontrol



