Analysis & Synthesis report for clock
Sun Dec 12 01:42:51 2021
Quartus II 64-Bit Version 13.0.1 Build 232 06/12/2013 Service Pack 1 SJ Web Edition


---------------------
; Table of Contents ;
---------------------
  1. Legal Notice
  2. Analysis & Synthesis Summary
  3. Analysis & Synthesis Settings
  4. Parallel Compilation
  5. Analysis & Synthesis Source Files Read
  6. Analysis & Synthesis Resource Usage Summary
  7. Analysis & Synthesis Resource Utilization by Entity
  8. Registers Removed During Synthesis
  9. General Register Statistics
 10. Inverted Register Statistics
 11. Parameter Settings for User Entity Instance: clk1hz:comb_3|counterN:u1
 12. Parameter Settings for User Entity Instance: counterN:u5
 13. Parameter Settings for User Entity Instance: counterN:u7
 14. Parameter Settings for User Entity Instance: counterN:u6
 15. Parameter Settings for User Entity Instance: counterN:u8
 16. Parameter Settings for User Entity Instance: counterN:u9
 17. Parameter Settings for Inferred Entity Instance: lpm_divide:Mod0
 18. Parameter Settings for Inferred Entity Instance: lpm_divide:Div0
 19. Port Connectivity Checks: "pulse:u10"
 20. Port Connectivity Checks: "counterN:u9"
 21. Port Connectivity Checks: "counterN:u8"
 22. Port Connectivity Checks: "counterN:u6"
 23. Port Connectivity Checks: "counterN:u7"
 24. Port Connectivity Checks: "counterN:u5"
 25. Port Connectivity Checks: "led:k2"
 26. Port Connectivity Checks: "led:k1"
 27. Port Connectivity Checks: "led:u4"
 28. Port Connectivity Checks: "led:u3"
 29. Port Connectivity Checks: "led:u2"
 30. Port Connectivity Checks: "led:u1"
 31. Port Connectivity Checks: "clk1hz:comb_3|counterN:u1"
 32. Elapsed Time Per Partition
 33. Analysis & Synthesis Messages
 34. Analysis & Synthesis Suppressed Messages



----------------
; Legal Notice ;
----------------
Copyright (C) 1991-2013 Altera Corporation
Your use of Altera Corporation's design tools, logic functions 
and other software and tools, and its AMPP partner logic 
functions, and any output files from any of the foregoing 
(including device programming or simulation files), and any 
associated documentation or information are expressly subject 
to the terms and conditions of the Altera Program License 
Subscription Agreement, Altera MegaCore Function License 
Agreement, or other applicable license agreement, including, 
without limitation, that your use is for the sole purpose of 
programming logic devices manufactured by Altera and sold by 
Altera or its authorized distributors.  Please refer to the 
applicable agreement for further details.



+--------------------------------------------------------------------------------------+
; Analysis & Synthesis Summary                                                         ;
+------------------------------------+-------------------------------------------------+
; Analysis & Synthesis Status        ; Successful - Sun Dec 12 01:42:51 2021           ;
; Quartus II 64-Bit Version          ; 13.0.1 Build 232 06/12/2013 SP 1 SJ Web Edition ;
; Revision Name                      ; clock                                           ;
; Top-level Entity Name              ; clock                                           ;
; Family                             ; Cyclone IV E                                    ;
; Total logic elements               ; 183                                             ;
;     Total combinational functions  ; 181                                             ;
;     Dedicated logic registers      ; 48                                              ;
; Total registers                    ; 48                                              ;
; Total pins                         ; 45                                              ;
; Total virtual pins                 ; 0                                               ;
; Total memory bits                  ; 0                                               ;
; Embedded Multiplier 9-bit elements ; 0                                               ;
; Total PLLs                         ; 0                                               ;
+------------------------------------+-------------------------------------------------+


+----------------------------------------------------------------------------------------------------------------------+
; Analysis & Synthesis Settings                                                                                        ;
+----------------------------------------------------------------------------+--------------------+--------------------+
; Option                                                                     ; Setting            ; Default Value      ;
+----------------------------------------------------------------------------+--------------------+--------------------+
; Device                                                                     ; EP4CE115F29C8      ;                    ;
; Top-level entity name                                                      ; clock              ; clock              ;
; Family name                                                                ; Cyclone IV E       ; Cyclone IV GX      ;
; Use smart compilation                                                      ; Off                ; Off                ;
; Enable parallel Assembler and TimeQuest Timing Analyzer during compilation ; On                 ; On                 ;
; Enable compact report table                                                ; Off                ; Off                ;
; Restructure Multiplexers                                                   ; Auto               ; Auto               ;
; Create Debugging Nodes for IP Cores                                        ; Off                ; Off                ;
; Preserve fewer node names                                                  ; On                 ; On                 ;
; Disable OpenCore Plus hardware evaluation                                  ; Off                ; Off                ;
; Verilog Version                                                            ; Verilog_2001       ; Verilog_2001       ;
; VHDL Version                                                               ; VHDL_1993          ; VHDL_1993          ;
; State Machine Processing                                                   ; Auto               ; Auto               ;
; Safe State Machine                                                         ; Off                ; Off                ;
; Extract Verilog State Machines                                             ; On                 ; On                 ;
; Extract VHDL State Machines                                                ; On                 ; On                 ;
; Ignore Verilog initial constructs                                          ; Off                ; Off                ;
; Iteration limit for constant Verilog loops                                 ; 5000               ; 5000               ;
; Iteration limit for non-constant Verilog loops                             ; 250                ; 250                ;
; Add Pass-Through Logic to Inferred RAMs                                    ; On                 ; On                 ;
; Infer RAMs from Raw Logic                                                  ; On                 ; On                 ;
; Parallel Synthesis                                                         ; On                 ; On                 ;
; DSP Block Balancing                                                        ; Auto               ; Auto               ;
; NOT Gate Push-Back                                                         ; On                 ; On                 ;
; Power-Up Don't Care                                                        ; On                 ; On                 ;
; Remove Redundant Logic Cells                                               ; Off                ; Off                ;
; Remove Duplicate Registers                                                 ; On                 ; On                 ;
; Ignore CARRY Buffers                                                       ; Off                ; Off                ;
; Ignore CASCADE Buffers                                                     ; Off                ; Off                ;
; Ignore GLOBAL Buffers                                                      ; Off                ; Off                ;
; Ignore ROW GLOBAL Buffers                                                  ; Off                ; Off                ;
; Ignore LCELL Buffers                                                       ; Off                ; Off                ;
; Ignore SOFT Buffers                                                        ; On                 ; On                 ;
; Limit AHDL Integers to 32 Bits                                             ; Off                ; Off                ;
; Optimization Technique                                                     ; Balanced           ; Balanced           ;
; Carry Chain Length                                                         ; 70                 ; 70                 ;
; Auto Carry Chains                                                          ; On                 ; On                 ;
; Auto Open-Drain Pins                                                       ; On                 ; On                 ;
; Perform WYSIWYG Primitive Resynthesis                                      ; Off                ; Off                ;
; Auto ROM Replacement                                                       ; On                 ; On                 ;
; Auto RAM Replacement                                                       ; On                 ; On                 ;
; Auto DSP Block Replacement                                                 ; On                 ; On                 ;
; Auto Shift Register Replacement                                            ; Auto               ; Auto               ;
; Allow Shift Register Merging across Hierarchies                            ; Auto               ; Auto               ;
; Auto Clock Enable Replacement                                              ; On                 ; On                 ;
; Strict RAM Replacement                                                     ; Off                ; Off                ;
; Allow Synchronous Control Signals                                          ; On                 ; On                 ;
; Force Use of Synchronous Clear Signals                                     ; Off                ; Off                ;
; Auto RAM Block Balancing                                                   ; On                 ; On                 ;
; Auto RAM to Logic Cell Conversion                                          ; Off                ; Off                ;
; Auto Resource Sharing                                                      ; Off                ; Off                ;
; Allow Any RAM Size For Recognition                                         ; Off                ; Off                ;
; Allow Any ROM Size For Recognition                                         ; Off                ; Off                ;
; Allow Any Shift Register Size For Recognition                              ; Off                ; Off                ;
; Use LogicLock Constraints during Resource Balancing                        ; On                 ; On                 ;
; Ignore translate_off and synthesis_off directives                          ; Off                ; Off                ;
; Timing-Driven Synthesis                                                    ; On                 ; On                 ;
; Report Parameter Settings                                                  ; On                 ; On                 ;
; Report Source Assignments                                                  ; On                 ; On                 ;
; Report Connectivity Checks                                                 ; On                 ; On                 ;
; Ignore Maximum Fan-Out Assignments                                         ; Off                ; Off                ;
; Synchronization Register Chain Length                                      ; 2                  ; 2                  ;
; PowerPlay Power Optimization                                               ; Normal compilation ; Normal compilation ;
; HDL message level                                                          ; Level2             ; Level2             ;
; Suppress Register Optimization Related Messages                            ; Off                ; Off                ;
; Number of Removed Registers Reported in Synthesis Report                   ; 5000               ; 5000               ;
; Number of Swept Nodes Reported in Synthesis Report                         ; 5000               ; 5000               ;
; Number of Inverted Registers Reported in Synthesis Report                  ; 100                ; 100                ;
; Clock MUX Protection                                                       ; On                 ; On                 ;
; Auto Gated Clock Conversion                                                ; Off                ; Off                ;
; Block Design Naming                                                        ; Auto               ; Auto               ;
; SDC constraint protection                                                  ; Off                ; Off                ;
; Synthesis Effort                                                           ; Auto               ; Auto               ;
; Shift Register Replacement - Allow Asynchronous Clear Signal               ; On                 ; On                 ;
; Pre-Mapping Resynthesis Optimization                                       ; Off                ; Off                ;
; Analysis & Synthesis Message Level                                         ; Medium             ; Medium             ;
; Disable Register Merging Across Hierarchies                                ; Auto               ; Auto               ;
; Resource Aware Inference For Block RAM                                     ; On                 ; On                 ;
; Synthesis Seed                                                             ; 1                  ; 1                  ;
+----------------------------------------------------------------------------+--------------------+--------------------+


Parallel compilation was disabled, but you have multiple processors available. Enable parallel compilation to reduce compilation time.
+-------------------------------------+
; Parallel Compilation                ;
+----------------------------+--------+
; Processors                 ; Number ;
+----------------------------+--------+
; Number detected on machine ; 24     ;
; Maximum allowed            ; 1      ;
+----------------------------+--------+


+-------------------------------------------------------------------------------------------------------------------------------------------------------------+
; Analysis & Synthesis Source Files Read                                                                                                                      ;
+----------------------------------+-----------------+------------------------------+---------------------------------------------------------------+---------+
; File Name with User-Entered Path ; Used in Netlist ; File Type                    ; File Name with Absolute Path                                  ; Library ;
+----------------------------------+-----------------+------------------------------+---------------------------------------------------------------+---------+
; clock.v                          ; yes             ; User Verilog HDL File        ; D:/altera/home/clock.v                                        ;         ;
; lpm_divide.tdf                   ; yes             ; Megafunction                 ; d:/altera/quartus/libraries/megafunctions/lpm_divide.tdf      ;         ;
; abs_divider.inc                  ; yes             ; Megafunction                 ; d:/altera/quartus/libraries/megafunctions/abs_divider.inc     ;         ;
; sign_div_unsign.inc              ; yes             ; Megafunction                 ; d:/altera/quartus/libraries/megafunctions/sign_div_unsign.inc ;         ;
; aglobal130.inc                   ; yes             ; Megafunction                 ; d:/altera/quartus/libraries/megafunctions/aglobal130.inc      ;         ;
; db/lpm_divide_j9m.tdf            ; yes             ; Auto-Generated Megafunction  ; D:/altera/home/db/lpm_divide_j9m.tdf                          ;         ;
; db/sign_div_unsign_8kh.tdf       ; yes             ; Auto-Generated Megafunction  ; D:/altera/home/db/sign_div_unsign_8kh.tdf                     ;         ;
; db/alt_u_div_44f.tdf             ; yes             ; Auto-Generated Megafunction  ; D:/altera/home/db/alt_u_div_44f.tdf                           ;         ;
; db/add_sub_7pc.tdf               ; yes             ; Auto-Generated Megafunction  ; D:/altera/home/db/add_sub_7pc.tdf                             ;         ;
; db/add_sub_8pc.tdf               ; yes             ; Auto-Generated Megafunction  ; D:/altera/home/db/add_sub_8pc.tdf                             ;         ;
; db/lpm_divide_ghm.tdf            ; yes             ; Auto-Generated Megafunction  ; D:/altera/home/db/lpm_divide_ghm.tdf                          ;         ;
+----------------------------------+-----------------+------------------------------+---------------------------------------------------------------+---------+


+-------------------------------------------------------+
; Analysis & Synthesis Resource Usage Summary           ;
+---------------------------------------------+---------+
; Resource                                    ; Usage   ;
+---------------------------------------------+---------+
; Estimated Total logic elements              ; 183     ;
;                                             ;         ;
; Total combinational functions               ; 181     ;
; Logic element usage by number of LUT inputs ;         ;
;     -- 4 input functions                    ; 62      ;
;     -- 3 input functions                    ; 42      ;
;     -- <=2 input functions                  ; 77      ;
;                                             ;         ;
; Logic elements by mode                      ;         ;
;     -- normal mode                          ; 139     ;
;     -- arithmetic mode                      ; 42      ;
;                                             ;         ;
; Total registers                             ; 48      ;
;     -- Dedicated logic registers            ; 48      ;
;     -- I/O registers                        ; 0       ;
;                                             ;         ;
; I/O pins                                    ; 45      ;
; Embedded Multiplier 9-bit elements          ; 0       ;
; Maximum fan-out node                        ; mode[6] ;
; Maximum fan-out                             ; 33      ;
; Total fan-out                               ; 717     ;
; Average fan-out                             ; 2.25    ;
+---------------------------------------------+---------+


+----------------------------------------------------------------------------------------------------------------------------------------------------------------------------------------------------------------------------------------------------------------------------+
; Analysis & Synthesis Resource Utilization by Entity                                                                                                                                                                                                                        ;
+----------------------------------------+-------------------+--------------+-------------+--------------+---------+-----------+------+--------------+--------------------------------------------------------------------------------------------------------+--------------+
; Compilation Hierarchy Node             ; LC Combinationals ; LC Registers ; Memory Bits ; DSP Elements ; DSP 9x9 ; DSP 18x18 ; Pins ; Virtual Pins ; Full Hierarchy Name                                                                                    ; Library Name ;
+----------------------------------------+-------------------+--------------+-------------+--------------+---------+-----------+------+--------------+--------------------------------------------------------------------------------------------------------+--------------+
; |clock                                 ; 181 (9)           ; 48 (1)       ; 0           ; 0            ; 0       ; 0         ; 45   ; 0            ; |clock                                                                                                 ; work         ;
;    |clk1hz:comb_3|                     ; 52 (1)            ; 26 (1)       ; 0           ; 0            ; 0       ; 0         ; 0    ; 0            ; |clock|clk1hz:comb_3                                                                                   ; work         ;
;       |counterN:u1|                    ; 51 (51)           ; 25 (25)      ; 0           ; 0            ; 0       ; 0         ; 0    ; 0            ; |clock|clk1hz:comb_3|counterN:u1                                                                       ; work         ;
;    |counterN:u5|                       ; 4 (4)             ; 4 (4)        ; 0           ; 0            ; 0       ; 0         ; 0    ; 0            ; |clock|counterN:u5                                                                                     ; work         ;
;    |counterN:u6|                       ; 4 (4)             ; 4 (4)        ; 0           ; 0            ; 0       ; 0         ; 0    ; 0            ; |clock|counterN:u6                                                                                     ; work         ;
;    |counterN:u7|                       ; 3 (3)             ; 3 (3)        ; 0           ; 0            ; 0       ; 0         ; 0    ; 0            ; |clock|counterN:u7                                                                                     ; work         ;
;    |counterN:u8|                       ; 3 (3)             ; 3 (3)        ; 0           ; 0            ; 0       ; 0         ; 0    ; 0            ; |clock|counterN:u8                                                                                     ; work         ;
;    |counterN:u9|                       ; 8 (8)             ; 5 (5)        ; 0           ; 0            ; 0       ; 0         ; 0    ; 0            ; |clock|counterN:u9                                                                                     ; work         ;
;    |led:k1|                            ; 14 (14)           ; 0 (0)        ; 0           ; 0            ; 0       ; 0         ; 0    ; 0            ; |clock|led:k1                                                                                          ; work         ;
;    |led:k2|                            ; 5 (5)             ; 0 (0)        ; 0           ; 0            ; 0       ; 0         ; 0    ; 0            ; |clock|led:k2                                                                                          ; work         ;
;    |led:u1|                            ; 14 (14)           ; 0 (0)        ; 0           ; 0            ; 0       ; 0         ; 0    ; 0            ; |clock|led:u1                                                                                          ; work         ;
;    |led:u2|                            ; 7 (7)             ; 0 (0)        ; 0           ; 0            ; 0       ; 0         ; 0    ; 0            ; |clock|led:u2                                                                                          ; work         ;
;    |led:u3|                            ; 14 (14)           ; 0 (0)        ; 0           ; 0            ; 0       ; 0         ; 0    ; 0            ; |clock|led:u3                                                                                          ; work         ;
;    |led:u4|                            ; 7 (7)             ; 0 (0)        ; 0           ; 0            ; 0       ; 0         ; 0    ; 0            ; |clock|led:u4                                                                                          ; work         ;
;    |lpm_divide:Div0|                   ; 17 (0)            ; 0 (0)        ; 0           ; 0            ; 0       ; 0         ; 0    ; 0            ; |clock|lpm_divide:Div0                                                                                 ; work         ;
;       |lpm_divide_ghm:auto_generated|  ; 17 (0)            ; 0 (0)        ; 0           ; 0            ; 0       ; 0         ; 0    ; 0            ; |clock|lpm_divide:Div0|lpm_divide_ghm:auto_generated                                                   ; work         ;
;          |sign_div_unsign_8kh:divider| ; 17 (0)            ; 0 (0)        ; 0           ; 0            ; 0       ; 0         ; 0    ; 0            ; |clock|lpm_divide:Div0|lpm_divide_ghm:auto_generated|sign_div_unsign_8kh:divider                       ; work         ;
;             |alt_u_div_44f:divider|    ; 17 (17)           ; 0 (0)        ; 0           ; 0            ; 0       ; 0         ; 0    ; 0            ; |clock|lpm_divide:Div0|lpm_divide_ghm:auto_generated|sign_div_unsign_8kh:divider|alt_u_div_44f:divider ; work         ;
;    |lpm_divide:Mod0|                   ; 20 (0)            ; 0 (0)        ; 0           ; 0            ; 0       ; 0         ; 0    ; 0            ; |clock|lpm_divide:Mod0                                                                                 ; work         ;
;       |lpm_divide_j9m:auto_generated|  ; 20 (0)            ; 0 (0)        ; 0           ; 0            ; 0       ; 0         ; 0    ; 0            ; |clock|lpm_divide:Mod0|lpm_divide_j9m:auto_generated                                                   ; work         ;
;          |sign_div_unsign_8kh:divider| ; 20 (0)            ; 0 (0)        ; 0           ; 0            ; 0       ; 0         ; 0    ; 0            ; |clock|lpm_divide:Mod0|lpm_divide_j9m:auto_generated|sign_div_unsign_8kh:divider                       ; work         ;
;             |alt_u_div_44f:divider|    ; 20 (20)           ; 0 (0)        ; 0           ; 0            ; 0       ; 0         ; 0    ; 0            ; |clock|lpm_divide:Mod0|lpm_divide_j9m:auto_generated|sign_div_unsign_8kh:divider|alt_u_div_44f:divider ; work         ;
;    |pulse:u10|                         ; 0 (0)             ; 2 (2)        ; 0           ; 0            ; 0       ; 0         ; 0    ; 0            ; |clock|pulse:u10                                                                                       ; work         ;
+----------------------------------------+-------------------+--------------+-------------+--------------+---------+-----------+------+--------------+--------------------------------------------------------------------------------------------------------+--------------+
Note: For table entries with two numbers listed, the numbers in parentheses indicate the number of resources of the given type used by the specific entity alone. The numbers listed outside of parentheses indicate the total resources of the given type used by the specific entity and all of its sub-entities in the hierarchy.


+--------------------------------------------------------------------------------+
; Registers Removed During Synthesis                                             ;
+---------------------------------------+----------------------------------------+
; Register name                         ; Reason for Removal                     ;
+---------------------------------------+----------------------------------------+
; mode[0..5]                            ; Stuck at GND due to stuck port data_in ;
; Total Number of Removed Registers = 6 ;                                        ;
+---------------------------------------+----------------------------------------+


+------------------------------------------------------+
; General Register Statistics                          ;
+----------------------------------------------+-------+
; Statistic                                    ; Value ;
+----------------------------------------------+-------+
; Total registers                              ; 48    ;
; Number of registers using Synchronous Clear  ; 0     ;
; Number of registers using Synchronous Load   ; 0     ;
; Number of registers using Asynchronous Clear ; 21    ;
; Number of registers using Asynchronous Load  ; 0     ;
; Number of registers using Clock Enable       ; 0     ;
; Number of registers using Preset             ; 0     ;
+----------------------------------------------+-------+


+--------------------------------------------------+
; Inverted Register Statistics                     ;
+----------------------------------------+---------+
; Inverted Register                      ; Fan out ;
+----------------------------------------+---------+
; mode[6]                                ; 33      ;
; Total number of inverted registers = 1 ;         ;
+----------------------------------------+---------+


+------------------------------------------------------------------------+
; Parameter Settings for User Entity Instance: clk1hz:comb_3|counterN:u1 ;
+----------------+----------+--------------------------------------------+
; Parameter Name ; Value    ; Type                                       ;
+----------------+----------+--------------------------------------------+
; N              ; 25000000 ; Signed Integer                             ;
; M              ; 25       ; Signed Integer                             ;
+----------------+----------+--------------------------------------------+
Note: In order to hide this table in the UI and the text report file, please set the "Show Parameter Settings in Synthesis Report" option in "Analysis and Synthesis Settings -> More Settings" to "Off".


+----------------------------------------------------------+
; Parameter Settings for User Entity Instance: counterN:u5 ;
+----------------+-------+---------------------------------+
; Parameter Name ; Value ; Type                            ;
+----------------+-------+---------------------------------+
; N              ; 10    ; Signed Integer                  ;
; M              ; 4     ; Signed Integer                  ;
+----------------+-------+---------------------------------+
Note: In order to hide this table in the UI and the text report file, please set the "Show Parameter Settings in Synthesis Report" option in "Analysis and Synthesis Settings -> More Settings" to "Off".


+----------------------------------------------------------+
; Parameter Settings for User Entity Instance: counterN:u7 ;
+----------------+-------+---------------------------------+
; Parameter Name ; Value ; Type                            ;
+----------------+-------+---------------------------------+
; N              ; 6     ; Signed Integer                  ;
; M              ; 3     ; Signed Integer                  ;
+----------------+-------+---------------------------------+
Note: In order to hide this table in the UI and the text report file, please set the "Show Parameter Settings in Synthesis Report" option in "Analysis and Synthesis Settings -> More Settings" to "Off".


+----------------------------------------------------------+
; Parameter Settings for User Entity Instance: counterN:u6 ;
+----------------+-------+---------------------------------+
; Parameter Name ; Value ; Type                            ;
+----------------+-------+---------------------------------+
; N              ; 10    ; Signed Integer                  ;
; M              ; 4     ; Signed Integer                  ;
+----------------+-------+---------------------------------+
Note: In order to hide this table in the UI and the text report file, please set the "Show Parameter Settings in Synthesis Report" option in "Analysis and Synthesis Settings -> More Settings" to "Off".


+----------------------------------------------------------+
; Parameter Settings for User Entity Instance: counterN:u8 ;
+----------------+-------+---------------------------------+
; Parameter Name ; Value ; Type                            ;
+----------------+-------+---------------------------------+
; N              ; 6     ; Signed Integer                  ;
; M              ; 3     ; Signed Integer                  ;
+----------------+-------+---------------------------------+
Note: In order to hide this table in the UI and the text report file, please set the "Show Parameter Settings in Synthesis Report" option in "Analysis and Synthesis Settings -> More Settings" to "Off".


+----------------------------------------------------------+
; Parameter Settings for User Entity Instance: counterN:u9 ;
+----------------+-------+---------------------------------+
; Parameter Name ; Value ; Type                            ;
+----------------+-------+---------------------------------+
; N              ; 24    ; Signed Integer                  ;
; M              ; 5     ; Signed Integer                  ;
+----------------+-------+---------------------------------+
Note: In order to hide this table in the UI and the text report file, please set the "Show Parameter Settings in Synthesis Report" option in "Analysis and Synthesis Settings -> More Settings" to "Off".


+------------------------------------------------------------------+
; Parameter Settings for Inferred Entity Instance: lpm_divide:Mod0 ;
+------------------------+----------------+------------------------+
; Parameter Name         ; Value          ; Type                   ;
+------------------------+----------------+------------------------+
; LPM_WIDTHN             ; 5              ; Untyped                ;
; LPM_WIDTHD             ; 4              ; Untyped                ;
; LPM_NREPRESENTATION    ; UNSIGNED       ; Untyped                ;
; LPM_DREPRESENTATION    ; UNSIGNED       ; Untyped                ;
; LPM_PIPELINE           ; 0              ; Untyped                ;
; LPM_REMAINDERPOSITIVE  ; TRUE           ; Untyped                ;
; MAXIMIZE_SPEED         ; 5              ; Untyped                ;
; CBXI_PARAMETER         ; lpm_divide_j9m ; Untyped                ;
; CARRY_CHAIN            ; MANUAL         ; Untyped                ;
; OPTIMIZE_FOR_SPEED     ; 5              ; Untyped                ;
; AUTO_CARRY_CHAINS      ; ON             ; AUTO_CARRY             ;
; IGNORE_CARRY_BUFFERS   ; OFF            ; IGNORE_CARRY           ;
; AUTO_CASCADE_CHAINS    ; ON             ; AUTO_CASCADE           ;
; IGNORE_CASCADE_BUFFERS ; OFF            ; IGNORE_CASCADE         ;
+------------------------+----------------+------------------------+
Note: In order to hide this table in the UI and the text report file, please set the "Show Parameter Settings in Synthesis Report" option in "Analysis and Synthesis Settings -> More Settings" to "Off".


+------------------------------------------------------------------+
; Parameter Settings for Inferred Entity Instance: lpm_divide:Div0 ;
+------------------------+----------------+------------------------+
; Parameter Name         ; Value          ; Type                   ;
+------------------------+----------------+------------------------+
; LPM_WIDTHN             ; 5              ; Untyped                ;
; LPM_WIDTHD             ; 4              ; Untyped                ;
; LPM_NREPRESENTATION    ; UNSIGNED       ; Untyped                ;
; LPM_DREPRESENTATION    ; UNSIGNED       ; Untyped                ;
; LPM_PIPELINE           ; 0              ; Untyped                ;
; LPM_REMAINDERPOSITIVE  ; TRUE           ; Untyped                ;
; MAXIMIZE_SPEED         ; 5              ; Untyped                ;
; CBXI_PARAMETER         ; lpm_divide_ghm ; Untyped                ;
; CARRY_CHAIN            ; MANUAL         ; Untyped                ;
; OPTIMIZE_FOR_SPEED     ; 5              ; Untyped                ;
; AUTO_CARRY_CHAINS      ; ON             ; AUTO_CARRY             ;
; IGNORE_CARRY_BUFFERS   ; OFF            ; IGNORE_CARRY           ;
; AUTO_CASCADE_CHAINS    ; ON             ; AUTO_CASCADE           ;
; IGNORE_CASCADE_BUFFERS ; OFF            ; IGNORE_CASCADE         ;
+------------------------+----------------+------------------------+
Note: In order to hide this table in the UI and the text report file, please set the "Show Parameter Settings in Synthesis Report" option in "Analysis and Synthesis Settings -> More Settings" to "Off".


+-------------------------------------------------------------------------------------------------------------------------------------------------------------------------------------------------------------+
; Port Connectivity Checks: "pulse:u10"                                                                                                                                                                       ;
+-------+-------+----------+----------------------------------------------------------------------------------------------------------------------------------------------------------------------------------+
; Port  ; Type  ; Severity ; Details                                                                                                                                                                          ;
+-------+-------+----------+----------------------------------------------------------------------------------------------------------------------------------------------------------------------------------+
; reset ; Input ; Warning  ; Input port expression (7 bits) is wider than the input port (1 bits) it drives.  The 6 most-significant bit(s) in the expression will be dangling if they have no other fanouts. ;
+-------+-------+----------+----------------------------------------------------------------------------------------------------------------------------------------------------------------------------------+


+---------------------------------------------------------------------------------------------------------------------------------------------------------------------------------------------------------------------+
; Port Connectivity Checks: "counterN:u9"                                                                                                                                                                             ;
+------------+--------+----------+------------------------------------------------------------------------------------------------------------------------------------------------------------------------------------+
; Port       ; Type   ; Severity ; Details                                                                                                                                                                            ;
+------------+--------+----------+------------------------------------------------------------------------------------------------------------------------------------------------------------------------------------+
; reset      ; Input  ; Warning  ; Input port expression (7 bits) is wider than the input port (1 bits) it drives.  The 6 most-significant bit(s) in the expression will be dangling if they have no other fanouts.   ;
; enable     ; Input  ; Warning  ; Input port expression (32 bits) is wider than the input port (1 bits) it drives.  The 31 most-significant bit(s) in the expression will be dangling if they have no other fanouts. ;
; enable[-1] ; Input  ; Info     ; Stuck at VCC                                                                                                                                                                       ;
; tc         ; Output ; Info     ; Connected to dangling logic. Logic that only feeds a dangling port will be removed.                                                                                                ;
+------------+--------+----------+------------------------------------------------------------------------------------------------------------------------------------------------------------------------------------+


+---------------------------------------------------------------------------------------------------------------------------------------------------------------------------------------------------------------------+
; Port Connectivity Checks: "counterN:u8"                                                                                                                                                                             ;
+------------+--------+----------+------------------------------------------------------------------------------------------------------------------------------------------------------------------------------------+
; Port       ; Type   ; Severity ; Details                                                                                                                                                                            ;
+------------+--------+----------+------------------------------------------------------------------------------------------------------------------------------------------------------------------------------------+
; reset      ; Input  ; Warning  ; Input port expression (7 bits) is wider than the input port (1 bits) it drives.  The 6 most-significant bit(s) in the expression will be dangling if they have no other fanouts.   ;
; enable     ; Input  ; Warning  ; Input port expression (32 bits) is wider than the input port (1 bits) it drives.  The 31 most-significant bit(s) in the expression will be dangling if they have no other fanouts. ;
; enable[-1] ; Input  ; Info     ; Stuck at VCC                                                                                                                                                                       ;
; qout       ; Output ; Warning  ; Output or bidir port (3 bits) is smaller than the port expression (5 bits) it drives.  The 2 most-significant bit(s) in the port expression will be connected to GND.              ;
+------------+--------+----------+------------------------------------------------------------------------------------------------------------------------------------------------------------------------------------+


+---------------------------------------------------------------------------------------------------------------------------------------------------------------------------------------------------------------------+
; Port Connectivity Checks: "counterN:u6"                                                                                                                                                                             ;
+------------+--------+----------+------------------------------------------------------------------------------------------------------------------------------------------------------------------------------------+
; Port       ; Type   ; Severity ; Details                                                                                                                                                                            ;
+------------+--------+----------+------------------------------------------------------------------------------------------------------------------------------------------------------------------------------------+
; reset      ; Input  ; Warning  ; Input port expression (7 bits) is wider than the input port (1 bits) it drives.  The 6 most-significant bit(s) in the expression will be dangling if they have no other fanouts.   ;
; enable     ; Input  ; Warning  ; Input port expression (32 bits) is wider than the input port (1 bits) it drives.  The 31 most-significant bit(s) in the expression will be dangling if they have no other fanouts. ;
; enable[-1] ; Input  ; Info     ; Stuck at VCC                                                                                                                                                                       ;
; qout       ; Output ; Warning  ; Output or bidir port (4 bits) is smaller than the port expression (5 bits) it drives.  The 1 most-significant bit(s) in the port expression will be connected to GND.              ;
+------------+--------+----------+------------------------------------------------------------------------------------------------------------------------------------------------------------------------------------+


+---------------------------------------------------------------------------------------------------------------------------------------------------------------------------------------------------------------------+
; Port Connectivity Checks: "counterN:u7"                                                                                                                                                                             ;
+------------+--------+----------+------------------------------------------------------------------------------------------------------------------------------------------------------------------------------------+
; Port       ; Type   ; Severity ; Details                                                                                                                                                                            ;
+------------+--------+----------+------------------------------------------------------------------------------------------------------------------------------------------------------------------------------------+
; reset      ; Input  ; Warning  ; Input port expression (7 bits) is wider than the input port (1 bits) it drives.  The 6 most-significant bit(s) in the expression will be dangling if they have no other fanouts.   ;
; enable     ; Input  ; Warning  ; Input port expression (32 bits) is wider than the input port (1 bits) it drives.  The 31 most-significant bit(s) in the expression will be dangling if they have no other fanouts. ;
; enable[-1] ; Input  ; Info     ; Stuck at VCC                                                                                                                                                                       ;
; qout       ; Output ; Warning  ; Output or bidir port (3 bits) is smaller than the port expression (5 bits) it drives.  The 2 most-significant bit(s) in the port expression will be connected to GND.              ;
+------------+--------+----------+------------------------------------------------------------------------------------------------------------------------------------------------------------------------------------+


+---------------------------------------------------------------------------------------------------------------------------------------------------------------------------------------------------------------------+
; Port Connectivity Checks: "counterN:u5"                                                                                                                                                                             ;
+------------+--------+----------+------------------------------------------------------------------------------------------------------------------------------------------------------------------------------------+
; Port       ; Type   ; Severity ; Details                                                                                                                                                                            ;
+------------+--------+----------+------------------------------------------------------------------------------------------------------------------------------------------------------------------------------------+
; clk        ; Input  ; Warning  ; Input port expression (7 bits) is wider than the input port (1 bits) it drives.  The 6 most-significant bit(s) in the expression will be dangling if they have no other fanouts.   ;
; reset      ; Input  ; Warning  ; Input port expression (7 bits) is wider than the input port (1 bits) it drives.  The 6 most-significant bit(s) in the expression will be dangling if they have no other fanouts.   ;
; enable     ; Input  ; Warning  ; Input port expression (32 bits) is wider than the input port (1 bits) it drives.  The 31 most-significant bit(s) in the expression will be dangling if they have no other fanouts. ;
; enable[-1] ; Input  ; Info     ; Stuck at VCC                                                                                                                                                                       ;
; qout       ; Output ; Warning  ; Output or bidir port (4 bits) is smaller than the port expression (5 bits) it drives.  The 1 most-significant bit(s) in the port expression will be connected to GND.              ;
+------------+--------+----------+------------------------------------------------------------------------------------------------------------------------------------------------------------------------------------+


+--------------------------------------------------------------------------------------------------------------------------------------------------------------------------------------------------------------+
; Port Connectivity Checks: "led:k2"                                                                                                                                                                           ;
+------+-------+----------+------------------------------------------------------------------------------------------------------------------------------------------------------------------------------------+
; Port ; Type  ; Severity ; Details                                                                                                                                                                            ;
+------+-------+----------+------------------------------------------------------------------------------------------------------------------------------------------------------------------------------------+
; bcd  ; Input ; Warning  ; Input port expression (32 bits) is wider than the input port (5 bits) it drives.  The 27 most-significant bit(s) in the expression will be dangling if they have no other fanouts. ;
+------+-------+----------+------------------------------------------------------------------------------------------------------------------------------------------------------------------------------------+


+--------------------------------------------------------------------------------------------------------------------------------------------------------------------------------------------------------------+
; Port Connectivity Checks: "led:k1"                                                                                                                                                                           ;
+------+-------+----------+------------------------------------------------------------------------------------------------------------------------------------------------------------------------------------+
; Port ; Type  ; Severity ; Details                                                                                                                                                                            ;
+------+-------+----------+------------------------------------------------------------------------------------------------------------------------------------------------------------------------------------+
; bcd  ; Input ; Warning  ; Input port expression (32 bits) is wider than the input port (5 bits) it drives.  The 27 most-significant bit(s) in the expression will be dangling if they have no other fanouts. ;
+------+-------+----------+------------------------------------------------------------------------------------------------------------------------------------------------------------------------------------+


+--------------------------------------------------------------------------------------------------------------------------------------------------------------------------------------------------------------+
; Port Connectivity Checks: "led:u4"                                                                                                                                                                           ;
+------+-------+----------+------------------------------------------------------------------------------------------------------------------------------------------------------------------------------------+
; Port ; Type  ; Severity ; Details                                                                                                                                                                            ;
+------+-------+----------+------------------------------------------------------------------------------------------------------------------------------------------------------------------------------------+
; bcd  ; Input ; Warning  ; Input port expression (32 bits) is wider than the input port (5 bits) it drives.  The 27 most-significant bit(s) in the expression will be dangling if they have no other fanouts. ;
+------+-------+----------+------------------------------------------------------------------------------------------------------------------------------------------------------------------------------------+


+--------------------------------------------------------------------------------------------------------------------------------------------------------------------------------------------------------------+
; Port Connectivity Checks: "led:u3"                                                                                                                                                                           ;
+------+-------+----------+------------------------------------------------------------------------------------------------------------------------------------------------------------------------------------+
; Port ; Type  ; Severity ; Details                                                                                                                                                                            ;
+------+-------+----------+------------------------------------------------------------------------------------------------------------------------------------------------------------------------------------+
; bcd  ; Input ; Warning  ; Input port expression (32 bits) is wider than the input port (5 bits) it drives.  The 27 most-significant bit(s) in the expression will be dangling if they have no other fanouts. ;
+------+-------+----------+------------------------------------------------------------------------------------------------------------------------------------------------------------------------------------+


+--------------------------------------------------------------------------------------------------------------------------------------------------------------------------------------------------------------+
; Port Connectivity Checks: "led:u2"                                                                                                                                                                           ;
+------+-------+----------+------------------------------------------------------------------------------------------------------------------------------------------------------------------------------------+
; Port ; Type  ; Severity ; Details                                                                                                                                                                            ;
+------+-------+----------+------------------------------------------------------------------------------------------------------------------------------------------------------------------------------------+
; bcd  ; Input ; Warning  ; Input port expression (32 bits) is wider than the input port (5 bits) it drives.  The 27 most-significant bit(s) in the expression will be dangling if they have no other fanouts. ;
+------+-------+----------+------------------------------------------------------------------------------------------------------------------------------------------------------------------------------------+


+--------------------------------------------------------------------------------------------------------------------------------------------------------------------------------------------------------------+
; Port Connectivity Checks: "led:u1"                                                                                                                                                                           ;
+------+-------+----------+------------------------------------------------------------------------------------------------------------------------------------------------------------------------------------+
; Port ; Type  ; Severity ; Details                                                                                                                                                                            ;
+------+-------+----------+------------------------------------------------------------------------------------------------------------------------------------------------------------------------------------+
; bcd  ; Input ; Warning  ; Input port expression (32 bits) is wider than the input port (5 bits) it drives.  The 27 most-significant bit(s) in the expression will be dangling if they have no other fanouts. ;
+------+-------+----------+------------------------------------------------------------------------------------------------------------------------------------------------------------------------------------+


+---------------------------------------------------------------------------------------------------------------------------------------------------------------------------------------------------------------------+
; Port Connectivity Checks: "clk1hz:comb_3|counterN:u1"                                                                                                                                                               ;
+------------+--------+----------+------------------------------------------------------------------------------------------------------------------------------------------------------------------------------------+
; Port       ; Type   ; Severity ; Details                                                                                                                                                                            ;
+------------+--------+----------+------------------------------------------------------------------------------------------------------------------------------------------------------------------------------------+
; reset      ; Input  ; Warning  ; Input port expression (32 bits) is wider than the input port (1 bits) it drives.  The 31 most-significant bit(s) in the expression will be dangling if they have no other fanouts. ;
; reset[-1]  ; Input  ; Info     ; Stuck at GND                                                                                                                                                                       ;
; enable     ; Input  ; Warning  ; Input port expression (32 bits) is wider than the input port (1 bits) it drives.  The 31 most-significant bit(s) in the expression will be dangling if they have no other fanouts. ;
; enable[-1] ; Input  ; Info     ; Stuck at VCC                                                                                                                                                                       ;
; qout       ; Output ; Info     ; Explicitly unconnected                                                                                                                                                             ;
+------------+--------+----------+------------------------------------------------------------------------------------------------------------------------------------------------------------------------------------+


+-------------------------------+
; Elapsed Time Per Partition    ;
+----------------+--------------+
; Partition Name ; Elapsed Time ;
+----------------+--------------+
; Top            ; 00:00:00     ;
+----------------+--------------+


+-------------------------------+
; Analysis & Synthesis Messages ;
+-------------------------------+
Info: *******************************************************************
Info: Running Quartus II 64-Bit Analysis & Synthesis
    Info: Version 13.0.1 Build 232 06/12/2013 Service Pack 1 SJ Web Edition
    Info: Processing started: Sun Dec 12 01:42:50 2021
Info: Command: quartus_map --read_settings_files=on --write_settings_files=off clock -c clock
Warning (20028): Parallel compilation is not licensed and has been disabled
Info (12021): Found 5 design units, including 5 entities, in source file clock.v
    Info (12023): Found entity 1: clock
    Info (12023): Found entity 2: led
    Info (12023): Found entity 3: clk1hz
    Info (12023): Found entity 4: counterN
    Info (12023): Found entity 5: pulse
Critical Warning (10846): Verilog HDL Instantiation warning at clock.v(40): instance has no name
Info (12127): Elaborating entity "clock" for the top level hierarchy
Info (12128): Elaborating entity "clk1hz" for hierarchy "clk1hz:comb_3"
Info (12128): Elaborating entity "counterN" for hierarchy "clk1hz:comb_3|counterN:u1"
Warning (10230): Verilog HDL assignment warning at clock.v(113): truncated value with size 32 to match size of target (25)
Info (12128): Elaborating entity "led" for hierarchy "led:u1"
Info (12128): Elaborating entity "counterN" for hierarchy "counterN:u5"
Warning (10230): Verilog HDL assignment warning at clock.v(113): truncated value with size 32 to match size of target (4)
Info (12128): Elaborating entity "counterN" for hierarchy "counterN:u7"
Warning (10230): Verilog HDL assignment warning at clock.v(113): truncated value with size 32 to match size of target (3)
Info (12128): Elaborating entity "counterN" for hierarchy "counterN:u9"
Warning (10230): Verilog HDL assignment warning at clock.v(113): truncated value with size 32 to match size of target (5)
Info (12128): Elaborating entity "pulse" for hierarchy "pulse:u10"
Info (278001): Inferred 2 megafunctions from design logic
    Info (278004): Inferred divider/modulo megafunction ("lpm_divide") from the following logic: "Mod0"
    Info (278004): Inferred divider/modulo megafunction ("lpm_divide") from the following logic: "Div0"
Info (12130): Elaborated megafunction instantiation "lpm_divide:Mod0"
Info (12133): Instantiated megafunction "lpm_divide:Mod0" with the following parameter:
    Info (12134): Parameter "LPM_WIDTHN" = "5"
    Info (12134): Parameter "LPM_WIDTHD" = "4"
    Info (12134): Parameter "LPM_NREPRESENTATION" = "UNSIGNED"
    Info (12134): Parameter "LPM_DREPRESENTATION" = "UNSIGNED"
Info (12021): Found 1 design units, including 1 entities, in source file db/lpm_divide_j9m.tdf
    Info (12023): Found entity 1: lpm_divide_j9m
Info (12021): Found 1 design units, including 1 entities, in source file db/sign_div_unsign_8kh.tdf
    Info (12023): Found entity 1: sign_div_unsign_8kh
Info (12021): Found 1 design units, including 1 entities, in source file db/alt_u_div_44f.tdf
    Info (12023): Found entity 1: alt_u_div_44f
Info (12021): Found 1 design units, including 1 entities, in source file db/add_sub_7pc.tdf
    Info (12023): Found entity 1: add_sub_7pc
Info (12021): Found 1 design units, including 1 entities, in source file db/add_sub_8pc.tdf
    Info (12023): Found entity 1: add_sub_8pc
Info (12130): Elaborated megafunction instantiation "lpm_divide:Div0"
Info (12133): Instantiated megafunction "lpm_divide:Div0" with the following parameter:
    Info (12134): Parameter "LPM_WIDTHN" = "5"
    Info (12134): Parameter "LPM_WIDTHD" = "4"
    Info (12134): Parameter "LPM_NREPRESENTATION" = "UNSIGNED"
    Info (12134): Parameter "LPM_DREPRESENTATION" = "UNSIGNED"
Info (12021): Found 1 design units, including 1 entities, in source file db/lpm_divide_ghm.tdf
    Info (12023): Found entity 1: lpm_divide_ghm
Warning (12241): 13 hierarchies have connectivity warnings - see the Connectivity Checks report folder
Info (286030): Timing-Driven Synthesis is running
Info (144001): Generated suppressed messages file D:/altera/home/output_files/clock.map.smsg
Info (16010): Generating hard_block partition "hard_block:auto_generated_inst"
    Info (16011): Adding 0 node(s), including 0 DDIO, 0 PLL, 0 transceiver and 0 LCELL
Info (21057): Implemented 228 device resources after synthesis - the final resource count might be different
    Info (21058): Implemented 3 input pins
    Info (21059): Implemented 42 output pins
    Info (21061): Implemented 183 logic cells
Info: Quartus II 64-Bit Analysis & Synthesis was successful. 0 errors, 7 warnings
    Info: Peak virtual memory: 4590 megabytes
    Info: Processing ended: Sun Dec 12 01:42:51 2021
    Info: Elapsed time: 00:00:01
    Info: Total CPU time (on all processors): 00:00:01


+------------------------------------------+
; Analysis & Synthesis Suppressed Messages ;
+------------------------------------------+
The suppressed messages can be found in D:/altera/home/output_files/clock.map.smsg.


